<?xml version="1.0" encoding="UTF-8"?>
<testsuite xmlns:xsi="http://www.w3.org/2001/XMLSchema-instance" xsi:noNamespaceSchemaLocation="https://maven.apache.org/surefire/maven-surefire-plugin/xsd/surefire-test-report.xsd" name="com.greencommute.jobmanagementservice.controller.JobControllerTest" time="1.857" tests="6" errors="0" skipped="0" failures="0">
  <properties>
[...]
</properties>
  <testcase name="fetchJobBYIdStatusOkTest" classname="com.greencommute.jobmanagementservice.controller.JobControllerTest" time="0.097"/>
  <testcase name="fetchJobsStatusOkTest" classname="com.greencommute.jobmanagementservice.controller.JobControllerTest" time="0.096"/>
  <testcase name="fetchJobBYIdStatusBadRequestTest" classname="com.greencommute.jobmanagementservice.controller.JobControllerTest" time="0.044"/>
  <testcase name="fetchJobBYIdStatusNotFoundTest" classname="com.greencommute.jobmanagementservice.controller.JobControllerTest" time="0.034"/>
  <testcase name="fetchJobsStatusBadRequestTest" classname="com.greencommute.jobmanagementservice.controller.JobControllerTest" time="0.05"/>
  <testcase name="fetchSkillsStatusOkTest" classname="com.greencommute.jobmanagementservice.controller.JobControllerTest" time="0.01"/>
</testsuite>